<?xml version="1.0" encoding="UTF-8"?>
<!-- Generated by org.testng.reporters.JUnitReportReporter -->
<testsuite skipped="0" hostname="AVINASH" name="learn_automation.extentReport3.ExtentReportsEx" tests="1" failures="0" timestamp="08 Mar 2019 15:48:17 GMT" time="46.115" errors="0">
  <testcase name="verifyHomePageTitle" time="46.115" classname="learn_automation.extentReport3.ExtentReportsEx"/>
</testsuite> <!-- learn_automation.extentReport3.ExtentReportsEx -->
